<?xml version="1.0" encoding="UTF-8"?>
<testsuite xmlns:xsi="http://www.w3.org/2001/XMLSchema-instance" xsi:noNamespaceSchemaLocation="https://maven.apache.org/surefire/maven-surefire-plugin/xsd/surefire-test-report.xsd" name="TestSuite" time="0.615" tests="9" errors="0" skipped="0" failures="0">
  <properties>
    <property name="sun.desktop" value="windows"/>
    <property name="awt.toolkit" value="sun.awt.windows.WToolkit"/>
    <property name="java.specification.version" value="11"/>
    <property name="sun.cpu.isalist" value="amd64"/>
    <property name="sun.jnu.encoding" value="Cp1252"/>
    <property name="java.class.path" value="C:\Users\KAMLESH\eclipse-workspace\MavenTestI\target\test-classes;C:\Users\KAMLESH\eclipse-workspace\MavenTestI\target\classes;C:\Users\KAMLESH\.m2\repository\org\seleniumhq\selenium\selenium-java\3.5.3\selenium-java-3.5.3.jar;C:\Users\KAMLESH\.m2\repository\org\seleniumhq\selenium\selenium-api\3.5.3\selenium-api-3.5.3.jar;C:\Users\KAMLESH\.m2\repository\org\seleniumhq\selenium\selenium-chrome-driver\3.5.3\selenium-chrome-driver-3.5.3.jar;C:\Users\KAMLESH\.m2\repository\org\seleniumhq\selenium\selenium-edge-driver\3.5.3\selenium-edge-driver-3.5.3.jar;C:\Users\KAMLESH\.m2\repository\org\seleniumhq\selenium\selenium-firefox-driver\3.5.3\selenium-firefox-driver-3.5.3.jar;C:\Users\KAMLESH\.m2\repository\org\seleniumhq\selenium\selenium-ie-driver\3.5.3\selenium-ie-driver-3.5.3.jar;C:\Users\KAMLESH\.m2\repository\org\seleniumhq\selenium\selenium-opera-driver\3.5.3\selenium-opera-driver-3.5.3.jar;C:\Users\KAMLESH\.m2\repository\org\seleniumhq\selenium\selenium-remote-driver\3.5.3\selenium-remote-driver-3.5.3.jar;C:\Users\KAMLESH\.m2\repository\org\seleniumhq\selenium\selenium-safari-driver\3.5.3\selenium-safari-driver-3.5.3.jar;C:\Users\KAMLESH\.m2\repository\org\seleniumhq\selenium\selenium-support\3.5.3\selenium-support-3.5.3.jar;C:\Users\KAMLESH\.m2\repository\cglib\cglib-nodep\3.2.4\cglib-nodep-3.2.4.jar;C:\Users\KAMLESH\.m2\repository\org\apache\commons\commons-exec\1.3\commons-exec-1.3.jar;C:\Users\KAMLESH\.m2\repository\org\apache\commons\commons-lang3\3.5\commons-lang3-3.5.jar;C:\Users\KAMLESH\.m2\repository\commons-codec\commons-codec\1.10\commons-codec-1.10.jar;C:\Users\KAMLESH\.m2\repository\commons-io\commons-io\2.5\commons-io-2.5.jar;C:\Users\KAMLESH\.m2\repository\commons-logging\commons-logging\1.2\commons-logging-1.2.jar;C:\Users\KAMLESH\.m2\repository\org\w3c\css\sac\1.3\sac-1.3.jar;C:\Users\KAMLESH\.m2\repository\net\sourceforge\cssparser\cssparser\0.9.23\cssparser-0.9.23.jar;C:\Users\KAMLESH\.m2\repository\com\google\code\gson\gson\2.8.0\gson-2.8.0.jar;C:\Users\KAMLESH\.m2\repository\com\google\guava\guava\23.0\guava-23.0.jar;C:\Users\KAMLESH\.m2\repository\com\google\code\findbugs\jsr305\1.3.9\jsr305-1.3.9.jar;C:\Users\KAMLESH\.m2\repository\com\google\errorprone\error_prone_annotations\2.0.18\error_prone_annotations-2.0.18.jar;C:\Users\KAMLESH\.m2\repository\com\google\j2objc\j2objc-annotations\1.1\j2objc-annotations-1.1.jar;C:\Users\KAMLESH\.m2\repository\org\codehaus\mojo\animal-sniffer-annotations\1.14\animal-sniffer-annotations-1.14.jar;C:\Users\KAMLESH\.m2\repository\org\hamcrest\hamcrest-core\1.3\hamcrest-core-1.3.jar;C:\Users\KAMLESH\.m2\repository\net\sourceforge\htmlunit\htmlunit\2.27\htmlunit-2.27.jar;C:\Users\KAMLESH\.m2\repository\net\sourceforge\htmlunit\htmlunit-core-js\2.27\htmlunit-core-js-2.27.jar;C:\Users\KAMLESH\.m2\repository\net\sourceforge\htmlunit\neko-htmlunit\2.27\neko-htmlunit-2.27.jar;C:\Users\KAMLESH\.m2\repository\org\apache\httpcomponents\httpclient\4.5.3\httpclient-4.5.3.jar;C:\Users\KAMLESH\.m2\repository\org\apache\httpcomponents\httpcore\4.4.6\httpcore-4.4.6.jar;C:\Users\KAMLESH\.m2\repository\org\apache\httpcomponents\httpmime\4.5.3\httpmime-4.5.3.jar;C:\Users\KAMLESH\.m2\repository\org\eclipse\jetty\jetty-client\9.4.5.v20170502\jetty-client-9.4.5.v20170502.jar;C:\Users\KAMLESH\.m2\repository\org\eclipse\jetty\jetty-http\9.4.5.v20170502\jetty-http-9.4.5.v20170502.jar;C:\Users\KAMLESH\.m2\repository\org\eclipse\jetty\jetty-io\9.4.5.v20170502\jetty-io-9.4.5.v20170502.jar;C:\Users\KAMLESH\.m2\repository\org\eclipse\jetty\jetty-util\9.4.5.v20170502\jetty-util-9.4.5.v20170502.jar;C:\Users\KAMLESH\.m2\repository\net\java\dev\jna\jna\4.1.0\jna-4.1.0.jar;C:\Users\KAMLESH\.m2\repository\net\java\dev\jna\jna-platform\4.1.0\jna-platform-4.1.0.jar;C:\Users\KAMLESH\.m2\repository\junit\junit\4.12\junit-4.12.jar;C:\Users\KAMLESH\.m2\repository\com\codeborne\phantomjsdriver\1.4.0\phantomjsdriver-1.4.0.jar;C:\Users\KAMLESH\.m2\repository\org\seleniumhq\selenium\htmlunit-driver\2.27\htmlunit-driver-2.27.jar;C:\Users\KAMLESH\.m2\repository\javax\servlet\javax.servlet-api\3.1.0\javax.servlet-api-3.1.0.jar;C:\Users\KAMLESH\.m2\repository\org\eclipse\jetty\websocket\websocket-api\9.4.5.v20170502\websocket-api-9.4.5.v20170502.jar;C:\Users\KAMLESH\.m2\repository\org\eclipse\jetty\websocket\websocket-client\9.4.5.v20170502\websocket-client-9.4.5.v20170502.jar;C:\Users\KAMLESH\.m2\repository\org\eclipse\jetty\websocket\websocket-common\9.4.5.v20170502\websocket-common-9.4.5.v20170502.jar;C:\Users\KAMLESH\.m2\repository\xalan\serializer\2.7.2\serializer-2.7.2.jar;C:\Users\KAMLESH\.m2\repository\xalan\xalan\2.7.2\xalan-2.7.2.jar;C:\Users\KAMLESH\.m2\repository\xerces\xercesImpl\2.11.0\xercesImpl-2.11.0.jar;C:\Users\KAMLESH\.m2\repository\xml-apis\xml-apis\1.4.01\xml-apis-1.4.01.jar;C:\Users\KAMLESH\.m2\repository\org\testng\testng\6.14.3\testng-6.14.3.jar;C:\Users\KAMLESH\.m2\repository\com\beust\jcommander\1.72\jcommander-1.72.jar;C:\Users\KAMLESH\.m2\repository\org\apache-extras\beanshell\bsh\2.0b6\bsh-2.0b6.jar;"/>
    <property name="java.vm.vendor" value="Oracle Corporation"/>
    <property name="sun.arch.data.model" value="64"/>
    <property name="user.variant" value=""/>
    <property name="java.vendor.url" value="https://openjdk.java.net/"/>
    <property name="user.timezone" value="Asia/Calcutta"/>
    <property name="java.vm.specification.version" value="11"/>
    <property name="os.name" value="Windows 7"/>
    <property name="sun.java.launcher" value="SUN_STANDARD"/>
    <property name="user.country" value="US"/>
    <property name="sun.boot.library.path" value="C:\Program Files\Java\jdk-11.0.12\bin"/>
    <property name="sun.java.command" value="C:\Users\KAMLESH\AppData\Local\Temp\surefire11849892641882171808\surefirebooter8055607019682552202.jar C:\Users\KAMLESH\AppData\Local\Temp\surefire11849892641882171808 2021-09-12T20-08-47_806-jvmRun1 surefire546601402406741723tmp surefire_013740543652681106487tmp"/>
    <property name="jdk.debug" value="release"/>
    <property name="surefire.test.class.path" value="C:\Users\KAMLESH\eclipse-workspace\MavenTestI\target\test-classes;C:\Users\KAMLESH\eclipse-workspace\MavenTestI\target\classes;C:\Users\KAMLESH\.m2\repository\org\seleniumhq\selenium\selenium-java\3.5.3\selenium-java-3.5.3.jar;C:\Users\KAMLESH\.m2\repository\org\seleniumhq\selenium\selenium-api\3.5.3\selenium-api-3.5.3.jar;C:\Users\KAMLESH\.m2\repository\org\seleniumhq\selenium\selenium-chrome-driver\3.5.3\selenium-chrome-driver-3.5.3.jar;C:\Users\KAMLESH\.m2\repository\org\seleniumhq\selenium\selenium-edge-driver\3.5.3\selenium-edge-driver-3.5.3.jar;C:\Users\KAMLESH\.m2\repository\org\seleniumhq\selenium\selenium-firefox-driver\3.5.3\selenium-firefox-driver-3.5.3.jar;C:\Users\KAMLESH\.m2\repository\org\seleniumhq\selenium\selenium-ie-driver\3.5.3\selenium-ie-driver-3.5.3.jar;C:\Users\KAMLESH\.m2\repository\org\seleniumhq\selenium\selenium-opera-driver\3.5.3\selenium-opera-driver-3.5.3.jar;C:\Users\KAMLESH\.m2\repository\org\seleniumhq\selenium\selenium-remote-driver\3.5.3\selenium-remote-driver-3.5.3.jar;C:\Users\KAMLESH\.m2\repository\org\seleniumhq\selenium\selenium-safari-driver\3.5.3\selenium-safari-driver-3.5.3.jar;C:\Users\KAMLESH\.m2\repository\org\seleniumhq\selenium\selenium-support\3.5.3\selenium-support-3.5.3.jar;C:\Users\KAMLESH\.m2\repository\cglib\cglib-nodep\3.2.4\cglib-nodep-3.2.4.jar;C:\Users\KAMLESH\.m2\repository\org\apache\commons\commons-exec\1.3\commons-exec-1.3.jar;C:\Users\KAMLESH\.m2\repository\org\apache\commons\commons-lang3\3.5\commons-lang3-3.5.jar;C:\Users\KAMLESH\.m2\repository\commons-codec\commons-codec\1.10\commons-codec-1.10.jar;C:\Users\KAMLESH\.m2\repository\commons-io\commons-io\2.5\commons-io-2.5.jar;C:\Users\KAMLESH\.m2\repository\commons-logging\commons-logging\1.2\commons-logging-1.2.jar;C:\Users\KAMLESH\.m2\repository\org\w3c\css\sac\1.3\sac-1.3.jar;C:\Users\KAMLESH\.m2\repository\net\sourceforge\cssparser\cssparser\0.9.23\cssparser-0.9.23.jar;C:\Users\KAMLESH\.m2\repository\com\google\code\gson\gson\2.8.0\gson-2.8.0.jar;C:\Users\KAMLESH\.m2\repository\com\google\guava\guava\23.0\guava-23.0.jar;C:\Users\KAMLESH\.m2\repository\com\google\code\findbugs\jsr305\1.3.9\jsr305-1.3.9.jar;C:\Users\KAMLESH\.m2\repository\com\google\errorprone\error_prone_annotations\2.0.18\error_prone_annotations-2.0.18.jar;C:\Users\KAMLESH\.m2\repository\com\google\j2objc\j2objc-annotations\1.1\j2objc-annotations-1.1.jar;C:\Users\KAMLESH\.m2\repository\org\codehaus\mojo\animal-sniffer-annotations\1.14\animal-sniffer-annotations-1.14.jar;C:\Users\KAMLESH\.m2\repository\org\hamcrest\hamcrest-core\1.3\hamcrest-core-1.3.jar;C:\Users\KAMLESH\.m2\repository\net\sourceforge\htmlunit\htmlunit\2.27\htmlunit-2.27.jar;C:\Users\KAMLESH\.m2\repository\net\sourceforge\htmlunit\htmlunit-core-js\2.27\htmlunit-core-js-2.27.jar;C:\Users\KAMLESH\.m2\repository\net\sourceforge\htmlunit\neko-htmlunit\2.27\neko-htmlunit-2.27.jar;C:\Users\KAMLESH\.m2\repository\org\apache\httpcomponents\httpclient\4.5.3\httpclient-4.5.3.jar;C:\Users\KAMLESH\.m2\repository\org\apache\httpcomponents\httpcore\4.4.6\httpcore-4.4.6.jar;C:\Users\KAMLESH\.m2\repository\org\apache\httpcomponents\httpmime\4.5.3\httpmime-4.5.3.jar;C:\Users\KAMLESH\.m2\repository\org\eclipse\jetty\jetty-client\9.4.5.v20170502\jetty-client-9.4.5.v20170502.jar;C:\Users\KAMLESH\.m2\repository\org\eclipse\jetty\jetty-http\9.4.5.v20170502\jetty-http-9.4.5.v20170502.jar;C:\Users\KAMLESH\.m2\repository\org\eclipse\jetty\jetty-io\9.4.5.v20170502\jetty-io-9.4.5.v20170502.jar;C:\Users\KAMLESH\.m2\repository\org\eclipse\jetty\jetty-util\9.4.5.v20170502\jetty-util-9.4.5.v20170502.jar;C:\Users\KAMLESH\.m2\repository\net\java\dev\jna\jna\4.1.0\jna-4.1.0.jar;C:\Users\KAMLESH\.m2\repository\net\java\dev\jna\jna-platform\4.1.0\jna-platform-4.1.0.jar;C:\Users\KAMLESH\.m2\repository\junit\junit\4.12\junit-4.12.jar;C:\Users\KAMLESH\.m2\repository\com\codeborne\phantomjsdriver\1.4.0\phantomjsdriver-1.4.0.jar;C:\Users\KAMLESH\.m2\repository\org\seleniumhq\selenium\htmlunit-driver\2.27\htmlunit-driver-2.27.jar;C:\Users\KAMLESH\.m2\repository\javax\servlet\javax.servlet-api\3.1.0\javax.servlet-api-3.1.0.jar;C:\Users\KAMLESH\.m2\repository\org\eclipse\jetty\websocket\websocket-api\9.4.5.v20170502\websocket-api-9.4.5.v20170502.jar;C:\Users\KAMLESH\.m2\repository\org\eclipse\jetty\websocket\websocket-client\9.4.5.v20170502\websocket-client-9.4.5.v20170502.jar;C:\Users\KAMLESH\.m2\repository\org\eclipse\jetty\websocket\websocket-common\9.4.5.v20170502\websocket-common-9.4.5.v20170502.jar;C:\Users\KAMLESH\.m2\repository\xalan\serializer\2.7.2\serializer-2.7.2.jar;C:\Users\KAMLESH\.m2\repository\xalan\xalan\2.7.2\xalan-2.7.2.jar;C:\Users\KAMLESH\.m2\repository\xerces\xercesImpl\2.11.0\xercesImpl-2.11.0.jar;C:\Users\KAMLESH\.m2\repository\xml-apis\xml-apis\1.4.01\xml-apis-1.4.01.jar;C:\Users\KAMLESH\.m2\repository\org\testng\testng\6.14.3\testng-6.14.3.jar;C:\Users\KAMLESH\.m2\repository\com\beust\jcommander\1.72\jcommander-1.72.jar;C:\Users\KAMLESH\.m2\repository\org\apache-extras\beanshell\bsh\2.0b6\bsh-2.0b6.jar;"/>
    <property name="sun.cpu.endian" value="little"/>
    <property name="user.home" value="C:\Users\KAMLESH"/>
    <property name="user.language" value="en"/>
    <property name="java.specification.vendor" value="Oracle Corporation"/>
    <property name="java.version.date" value="2021-07-20"/>
    <property name="java.home" value="C:\Program Files\Java\jdk-11.0.12"/>
    <property name="file.separator" value="\"/>
    <property name="basedir" value="C:\Users\KAMLESH\eclipse-workspace\MavenTestI"/>
    <property name="java.vm.compressedOopsMode" value="32-bit"/>
    <property name="line.separator" value="&#10;"/>
    <property name="java.specification.name" value="Java Platform API Specification"/>
    <property name="java.vm.specification.vendor" value="Oracle Corporation"/>
    <property name="java.awt.graphicsenv" value="sun.awt.Win32GraphicsEnvironment"/>
    <property name="surefire.real.class.path" value="C:\Users\KAMLESH\AppData\Local\Temp\surefire11849892641882171808\surefirebooter8055607019682552202.jar"/>
    <property name="user.script" value=""/>
    <property name="sun.management.compiler" value="HotSpot 64-Bit Tiered Compilers"/>
    <property name="java.runtime.version" value="11.0.12+8-LTS-237"/>
    <property name="user.name" value="KAMLESH"/>
    <property name="path.separator" value=";"/>
    <property name="os.version" value="6.1"/>
    <property name="java.runtime.name" value="Java(TM) SE Runtime Environment"/>
    <property name="file.encoding" value="Cp1252"/>
    <property name="java.vm.name" value="Java HotSpot(TM) 64-Bit Server VM"/>
    <property name="java.vendor.version" value="18.9"/>
    <property name="localRepository" value="C:\Users\KAMLESH\.m2\repository"/>
    <property name="java.vendor.url.bug" value="https://bugreport.java.com/bugreport/"/>
    <property name="java.io.tmpdir" value="C:\Users\KAMLESH\AppData\Local\Temp\"/>
    <property name="java.version" value="11.0.12"/>
    <property name="user.dir" value="C:\Users\KAMLESH\eclipse-workspace\MavenTestI"/>
    <property name="os.arch" value="amd64"/>
    <property name="java.vm.specification.name" value="Java Virtual Machine Specification"/>
    <property name="java.awt.printerjob" value="sun.awt.windows.WPrinterJob"/>
    <property name="sun.os.patch.level" value="Service Pack 1"/>
    <property name="java.library.path" value="C:\Program Files\Java\jdk-11.0.12\bin;C:\Windows\Sun\Java\bin;C:\Windows\system32;C:\Windows;C:\Program Files\Common Files\Oracle\Java\javapath;C:\Program Files (x86)\Intel\iCLS Client\;C:\Program Files\Intel\iCLS Client\;C:\Windows\system32;C:\Windows;C:\Windows\System32\Wbem;C:\Windows\System32\WindowsPowerShell\v1.0\;C:\Program Files\Intel\Intel(R) Management Engine Components\DAL;C:\Program Files\Intel\Intel(R) Management Engine Components\IPT;C:\Program Files (x86)\Intel\Intel(R) Management Engine Components\DAL;C:\Program Files (x86)\Intel\Intel(R) Management Engine Components\IPT;C:\strawberry\c\bin;C:\strawberry\perl\bin;C:\Program Files\Git\cmd;D:\Maven\apache-maven-3.8.1-bin\apache-maven-3.8.1\bin;C:\Program Files\Java\jdk-11.0.12\bin;C:\Users\KAMLESH\Desktop\JMeter\apache-jmeter-3.0\apache-jmeter-3.0\bin;D:\Python;D:\Python\Lib;D:\Python\DLLs;D:\Python\Lib\lib-tk;;."/>
    <property name="java.vendor" value="Oracle Corporation"/>
    <property name="java.vm.info" value="mixed mode"/>
    <property name="java.vm.version" value="11.0.12+8-LTS-237"/>
    <property name="sun.io.unicode.encoding" value="UnicodeLittle"/>
    <property name="java.class.version" value="55.0"/>
  </properties>
  <testcase name="div" classname="MavenTestG.MavenTestI.clsTest" time="0.007"/>
  <testcase name="mult" classname="MavenTestG.MavenTestI.clsTest" time="0.002"/>
  <testcase name="sum" classname="MavenTestG.MavenTestI.clsTest" time="0.002"/>
  <testcase name="div2" classname="MavenTestG.MavenTestI.clsTest2" time="0.004"/>
  <testcase name="mult2" classname="MavenTestG.MavenTestI.clsTest2" time="0.005"/>
  <testcase name="sum2" classname="MavenTestG.MavenTestI.clsTest2" time="0.003"/>
  <testcase name="div3" classname="MavenTestG.MavenTestI.clsTest3" time="0.002"/>
  <testcase name="mult3" classname="MavenTestG.MavenTestI.clsTest3" time="0.002"/>
  <testcase name="sum3" classname="MavenTestG.MavenTestI.clsTest3" time="0.002"/>
</testsuite>