<?xml version="1.0" encoding="UTF-8"?>
<!-- Generated by org.testng.reporters.JUnitReportReporter -->
<testsuite hostname="KAMLESH" failures="0" tests="3" name="MavenTestG.MavenTestI.clsTest" time="0.019" errors="0" timestamp="12 Sep 2021 18:25:33 GMT" skipped="0">
  <testcase classname="MavenTestG.MavenTestI.clsTest" name="div" time="0.018"/>
  <testcase classname="MavenTestG.MavenTestI.clsTest" name="sum" time="0.001"/>
  <testcase classname="MavenTestG.MavenTestI.clsTest" name="mult" time="0.000"/>
</testsuite> <!-- MavenTestG.MavenTestI.clsTest -->
