<?xml version="1.0" encoding="UTF-8"?>
<!-- Generated by org.testng.reporters.JUnitReportReporter -->
<testsuite hostname="KAMLESH" failures="0" tests="3" name="MavenTestG.MavenTestI.clsTest3" time="0.000" errors="0" timestamp="12 Sep 2021 14:38:49 GMT" skipped="0">
  <testcase classname="MavenTestG.MavenTestI.clsTest3" name="sum3" time="0.000"/>
  <testcase classname="MavenTestG.MavenTestI.clsTest3" name="div3" time="0.000"/>
  <testcase classname="MavenTestG.MavenTestI.clsTest3" name="mult3" time="0.000"/>
</testsuite> <!-- MavenTestG.MavenTestI.clsTest3 -->
